\BOOKMARK [0][-]{chapter.1}{\376\377\000I\000n\000t\000r\000o\000d\000u\000z\000i\000o\000n\000e}{}% 1
\BOOKMARK [0][-]{chapter.2}{\376\377\000T\000e\000r\000m\000i\000n\000i\000\040\000e\000\040\000C\000o\000n\000d\000i\000z\000i\000o\000n\000i\000\040\000d\000i\000\040\000U\000t\000i\000l\000i\000z\000z\000o}{}% 2
\BOOKMARK [1][-]{subsection.2.0.1}{\376\377\000S\000c\000o\000p\000o\000\040\000d\000e\000l\000l\000a\000\040\000P\000i\000a\000t\000t\000a\000f\000o\000r\000m\000a}{chapter.2}% 3
\BOOKMARK [2][-]{subsection.2.0.2}{\376\377\000A\000c\000c\000e\000s\000s\000o\000\040\000e\000\040\000U\000t\000i\000l\000i\000z\000z\000o\000\040\000d\000e\000l\000\040\000S\000e\000r\000v\000i\000z\000i\000o}{subsection.2.0.1}% 4
\BOOKMARK [2][-]{subsection.2.0.3}{\376\377\000R\000e\000s\000p\000o\000n\000s\000a\000b\000i\000l\000i\000t\000\340\000\040\000d\000e\000l\000l\000'\000U\000t\000e\000n\000t\000e}{subsection.2.0.1}% 5
\BOOKMARK [2][-]{subsection.2.0.4}{\376\377\000P\000r\000o\000t\000e\000z\000i\000o\000n\000e\000\040\000d\000e\000i\000\040\000D\000a\000t\000i\000\040\000e\000\040\000P\000r\000i\000v\000a\000c\000y}{subsection.2.0.1}% 6
\BOOKMARK [2][-]{subsection.2.0.5}{\376\377\000L\000i\000m\000i\000t\000a\000z\000i\000o\000n\000i\000\040\000d\000i\000\040\000R\000e\000s\000p\000o\000n\000s\000a\000b\000i\000l\000i\000t\000`\000a}{subsection.2.0.1}% 7
\BOOKMARK [2][-]{subsection.2.0.6}{\376\377\000M\000o\000d\000i\000f\000i\000c\000h\000e\000\040\000a\000i\000\040\000T\000e\000r\000m\000i\000n\000i\000\040\000e\000\040\000C\000o\000n\000d\000i\000z\000i\000o\000n\000i}{subsection.2.0.1}% 8
\BOOKMARK [2][-]{subsection.2.0.7}{\376\377\000C\000o\000n\000t\000a\000t\000t\000i}{subsection.2.0.1}% 9
\BOOKMARK [0][-]{chapter.3}{\376\377\000L\000'\000I\000n\000t\000e\000r\000f\000a\000c\000c\000i\000a\000\040\000U\000t\000e\000n\000t\000e\000\040\000d\000i\000\040\000M\000n\000e\000m\000o\000s\000i\000n\000e}{}% 10
\BOOKMARK [1][-]{subsection.3.0.1}{\376\377\000L\000o\000g\000i\000n\000\040\000e\000\040\000r\000e\000g\000i\000s\000t\000r\000a\000z\000i\000o\000n\000e}{chapter.3}% 11
\BOOKMARK [1][-]{section.3.1}{\376\377\000D\000a\000s\000h\000b\000o\000a\000r\000d\000\040\000P\000r\000i\000n\000c\000i\000p\000a\000l\000e}{chapter.3}% 12
\BOOKMARK [2][-]{subsection.3.1.1}{\376\377\000P\000a\000n\000o\000r\000a\000m\000i\000c\000a\000\040\000d\000e\000l\000\040\000P\000a\000z\000i\000e\000n\000t\000e}{section.3.1}% 13
\BOOKMARK [2][-]{subsection.3.1.2}{\376\377\000N\000a\000v\000i\000g\000a\000z\000i\000o\000n\000e\000\040\000e\000\040\000S\000e\000z\000i\000o\000n\000i}{section.3.1}% 14
\BOOKMARK [1][-]{section.3.2}{\376\377\000T\000e\000s\000t\000\040\000C\000o\000g\000n\000i\000t\000i\000v\000i}{chapter.3}% 15
\BOOKMARK [2][-]{subsection.3.2.1}{\376\377\000S\000o\000m\000m\000a\000r\000i\000o\000\040\000d\000e\000i\000\040\000T\000e\000s\000t}{section.3.2}% 16
\BOOKMARK [2][-]{subsection.3.2.2}{\376\377\000A\000v\000v\000i\000o\000\040\000d\000i\000\040\000u\000n\000\040\000T\000e\000s\000t}{section.3.2}% 17
\BOOKMARK [2][-]{subsection.3.2.3}{\376\377\000R\000i\000s\000u\000l\000t\000a\000t\000i\000\040\000e\000\040\000A\000n\000a\000l\000i\000s\000i}{section.3.2}% 18
\BOOKMARK [1][-]{section.3.3}{\376\377\000S\000t\000o\000r\000i\000c\000o\000\040\000D\000a\000t\000i}{chapter.3}% 19
\BOOKMARK [2][-]{subsection.3.3.1}{\376\377\000V\000i\000s\000u\000a\000l\000i\000z\000z\000a\000z\000i\000o\000n\000e\000\040\000d\000e\000i\000\040\000D\000a\000t\000i}{section.3.3}% 20
\BOOKMARK [2][-]{subsection.3.3.2}{\376\377\000E\000s\000p\000o\000r\000t\000a\000z\000i\000o\000n\000e\000\040\000d\000e\000i\000\040\000D\000a\000t\000i}{section.3.3}% 21
\BOOKMARK [1][-]{section.3.4}{\376\377\000I\000m\000p\000o\000s\000t\000a\000z\000i\000o\000n\000i\000\040\000U\000t\000e\000n\000t\000e}{chapter.3}% 22
\BOOKMARK [1][-]{section.3.5}{\376\377\000C\000o\000n\000c\000l\000u\000s\000i\000o\000n\000i\000\040\000s\000u\000l\000l\000'\000I\000n\000t\000e\000r\000f\000a\000c\000c\000i\000a}{chapter.3}% 23
